[0.006s] Invoking command in '/home/pengyh/workspace/FreeAskAgent/closed_loop/ros2/build/simulator_messages': CONDA_PROMPT_MODIFIER=(ros2_jazzy) DEBUGINFOD_URLS=https://debuginfod.ubuntu.com /home/pengyh/softwares/anaconda3/envs/ros2_jazzy/bin/cmake --build /home/pengyh/workspace/FreeAskAgent/closed_loop/ros2/build/simulator_messages -- -j20 -l20
[0.029s] [  2%] [34m[1mGenerating type hashes for ROS interfaces[0m
[0.033s] [  2%] Built target ament_cmake_python_copy_simulator_messages
[0.120s] running egg_info
[0.124s] writing simulator_messages.egg-info/PKG-INFO
[0.124s] writing dependency_links to simulator_messages.egg-info/dependency_links.txt
[0.124s] writing top-level names to simulator_messages.egg-info/top_level.txt
[0.132s] [  2%] Built target simulator_messages__rosidl_generator_type_description
[0.137s] [  5%] [34m[1mGenerating C code for ROS interfaces[0m
[0.138s] reading manifest file 'simulator_messages.egg-info/SOURCES.txt'
[0.138s] writing manifest file 'simulator_messages.egg-info/SOURCES.txt'
[0.141s] [  8%] [34m[1mGenerating C++ code for ROS interfaces[0m
[0.153s] [  8%] Built target ament_cmake_python_build_simulator_messages_egg
[0.268s] [  8%] Built target simulator_messages__cpp
[0.283s] [ 11%] [32mBuilding C object CMakeFiles/simulator_messages__rosidl_generator_c.dir/rosidl_generator_c/simulator_messages/msg/detail/navigation_command__description.c.o[0m
[0.283s] [ 14%] [32mBuilding C object CMakeFiles/simulator_messages__rosidl_generator_c.dir/rosidl_generator_c/simulator_messages/msg/detail/navigation_command__functions.c.o[0m
[0.283s] [ 17%] [32mBuilding C object CMakeFiles/simulator_messages__rosidl_generator_c.dir/rosidl_generator_c/simulator_messages/msg/detail/navigation_command__type_support.c.o[0m
[0.403s] [ 20%] [32m[1mLinking C shared library libsimulator_messages__rosidl_generator_c.so[0m
[0.455s] [ 20%] Built target simulator_messages__rosidl_generator_c
[0.460s] [ 32%] [34m[1mGenerating C++ type support for eProsima Fast-RTPS[0m
[0.460s] [ 32%] [34m[1mGenerating C type support for eProsima Fast-RTPS[0m
[0.460s] [ 32%] [34m[1mGenerating C++ type support dispatch for ROS interfaces[0m
[0.460s] [ 32%] [34m[1mGenerating C type support dispatch for ROS interfaces[0m
[0.460s] [ 35%] [34m[1mGenerating C introspection for ROS interfaces[0m
[0.460s] [ 38%] [34m[1mGenerating C++ introspection for ROS interfaces[0m
[0.590s] [ 41%] [32mBuilding CXX object CMakeFiles/simulator_messages__rosidl_typesupport_c.dir/rosidl_typesupport_c/simulator_messages/msg/navigation_command__type_support.cpp.o[0m
[0.595s] [ 44%] [32mBuilding CXX object CMakeFiles/simulator_messages__rosidl_typesupport_cpp.dir/rosidl_typesupport_cpp/simulator_messages/msg/navigation_command__type_support.cpp.o[0m
[0.599s] [ 47%] [32mBuilding C object CMakeFiles/simulator_messages__rosidl_typesupport_introspection_c.dir/rosidl_typesupport_introspection_c/simulator_messages/msg/detail/navigation_command__type_support.c.o[0m
[0.604s] [ 50%] [32mBuilding CXX object CMakeFiles/simulator_messages__rosidl_typesupport_introspection_cpp.dir/rosidl_typesupport_introspection_cpp/simulator_messages/msg/detail/navigation_command__type_support.cpp.o[0m
[0.608s] [ 52%] [32mBuilding CXX object CMakeFiles/simulator_messages__rosidl_typesupport_fastrtps_cpp.dir/rosidl_typesupport_fastrtps_cpp/simulator_messages/msg/detail/dds_fastrtps/navigation_command__type_support.cpp.o[0m
[0.611s] [ 55%] [32mBuilding CXX object CMakeFiles/simulator_messages__rosidl_typesupport_fastrtps_c.dir/rosidl_typesupport_fastrtps_c/simulator_messages/msg/detail/navigation_command__type_support_c.cpp.o[0m
[0.626s] [ 58%] [32m[1mLinking C shared library libsimulator_messages__rosidl_typesupport_introspection_c.so[0m
[0.646s] [ 61%] [32m[1mLinking CXX shared library libsimulator_messages__rosidl_typesupport_c.so[0m
[0.692s] [ 61%] Built target simulator_messages__rosidl_typesupport_introspection_c
[0.713s] [ 61%] Built target simulator_messages__rosidl_typesupport_c
[0.827s] [ 64%] [32m[1mLinking CXX shared library libsimulator_messages__rosidl_typesupport_cpp.so[0m
[0.848s] [ 67%] [32m[1mLinking CXX shared library libsimulator_messages__rosidl_typesupport_introspection_cpp.so[0m
[0.881s] [ 67%] Built target simulator_messages__rosidl_typesupport_cpp
[0.909s] [ 70%] [32m[1mLinking CXX shared library libsimulator_messages__rosidl_typesupport_fastrtps_c.so[0m
[0.915s] [ 70%] Built target simulator_messages__rosidl_typesupport_introspection_cpp
[0.918s] [ 73%] [32m[1mLinking CXX shared library libsimulator_messages__rosidl_typesupport_fastrtps_cpp.so[0m
[0.972s] [ 73%] Built target simulator_messages__rosidl_typesupport_fastrtps_c
[0.994s] [ 73%] Built target simulator_messages__rosidl_typesupport_fastrtps_cpp
[1.002s] [ 73%] Built target simulator_messages
[1.012s] [ 76%] [34m[1mGenerating Python code for ROS interfaces[0m
[1.171s] [ 76%] Built target simulator_messages__py
[1.181s] [ 79%] [32mBuilding C object CMakeFiles/simulator_messages__rosidl_generator_py.dir/rosidl_generator_py/simulator_messages/msg/_navigation_command_s.c.o[0m
[1.256s] [ 82%] [32m[1mLinking C shared library libsimulator_messages__rosidl_generator_py.so[0m
[1.313s] [ 82%] Built target simulator_messages__rosidl_generator_py
[1.321s] [ 91%] [32mBuilding C object CMakeFiles/simulator_messages_s__rosidl_typesupport_c.dir/rosidl_generator_py/simulator_messages/_simulator_messages_s.ep.rosidl_typesupport_c.c.o[0m
[1.321s] [ 85%] [32mBuilding C object CMakeFiles/simulator_messages_s__rosidl_typesupport_fastrtps_c.dir/rosidl_generator_py/simulator_messages/_simulator_messages_s.ep.rosidl_typesupport_fastrtps_c.c.o[0m
[1.321s] [ 91%] [32mBuilding C object CMakeFiles/simulator_messages_s__rosidl_typesupport_introspection_c.dir/rosidl_generator_py/simulator_messages/_simulator_messages_s.ep.rosidl_typesupport_introspection_c.c.o[0m
[1.368s] [100%] [32m[1mLinking C shared module rosidl_generator_py/simulator_messages/simulator_messages_s__rosidl_typesupport_fastrtps_c.so[0m
[1.368s] [100%] [32m[1mLinking C shared module rosidl_generator_py/simulator_messages/simulator_messages_s__rosidl_typesupport_c.so[0m
[1.368s] [100%] [32m[1mLinking C shared module rosidl_generator_py/simulator_messages/simulator_messages_s__rosidl_typesupport_introspection_c.so[0m
[1.404s] [100%] Built target simulator_messages_s__rosidl_typesupport_introspection_c
[1.404s] [100%] Built target simulator_messages_s__rosidl_typesupport_c
[1.404s] [100%] Built target simulator_messages_s__rosidl_typesupport_fastrtps_c
[1.409s] Invoked command in '/home/pengyh/workspace/FreeAskAgent/closed_loop/ros2/build/simulator_messages' returned '0': CONDA_PROMPT_MODIFIER=(ros2_jazzy) DEBUGINFOD_URLS=https://debuginfod.ubuntu.com /home/pengyh/softwares/anaconda3/envs/ros2_jazzy/bin/cmake --build /home/pengyh/workspace/FreeAskAgent/closed_loop/ros2/build/simulator_messages -- -j20 -l20
[1.414s] Invoking command in '/home/pengyh/workspace/FreeAskAgent/closed_loop/ros2/build/simulator_messages': CONDA_PROMPT_MODIFIER=(ros2_jazzy) DEBUGINFOD_URLS=https://debuginfod.ubuntu.com /home/pengyh/softwares/anaconda3/envs/ros2_jazzy/bin/cmake --install /home/pengyh/workspace/FreeAskAgent/closed_loop/ros2/build/simulator_messages
[1.417s] -- Install configuration: ""
[1.417s] -- Installing: /home/pengyh/workspace/FreeAskAgent/closed_loop/ros2/install/simulator_messages/share/ament_index/resource_index/rosidl_interfaces/simulator_messages
[1.418s] -- Installing: /home/pengyh/workspace/FreeAskAgent/closed_loop/ros2/install/simulator_messages/share/simulator_messages/msg/NavigationCommand.json
[1.418s] -- Installing: /home/pengyh/workspace/FreeAskAgent/closed_loop/ros2/install/simulator_messages/include/simulator_messages/simulator_messages
[1.418s] -- Installing: /home/pengyh/workspace/FreeAskAgent/closed_loop/ros2/install/simulator_messages/include/simulator_messages/simulator_messages/msg
[1.418s] -- Installing: /home/pengyh/workspace/FreeAskAgent/closed_loop/ros2/install/simulator_messages/include/simulator_messages/simulator_messages/msg/detail
[1.418s] -- Installing: /home/pengyh/workspace/FreeAskAgent/closed_loop/ros2/install/simulator_messages/include/simulator_messages/simulator_messages/msg/detail/navigation_command__type_support.h
[1.418s] -- Installing: /home/pengyh/workspace/FreeAskAgent/closed_loop/ros2/install/simulator_messages/include/simulator_messages/simulator_messages/msg/detail/navigation_command__functions.c
[1.418s] -- Installing: /home/pengyh/workspace/FreeAskAgent/closed_loop/ros2/install/simulator_messages/include/simulator_messages/simulator_messages/msg/detail/navigation_command__struct.h
[1.418s] -- Installing: /home/pengyh/workspace/FreeAskAgent/closed_loop/ros2/install/simulator_messages/include/simulator_messages/simulator_messages/msg/detail/navigation_command__functions.h
[1.418s] -- Installing: /home/pengyh/workspace/FreeAskAgent/closed_loop/ros2/install/simulator_messages/include/simulator_messages/simulator_messages/msg/detail/navigation_command__description.c
[1.418s] -- Installing: /home/pengyh/workspace/FreeAskAgent/closed_loop/ros2/install/simulator_messages/include/simulator_messages/simulator_messages/msg/detail/navigation_command__type_support.c
[1.418s] -- Installing: /home/pengyh/workspace/FreeAskAgent/closed_loop/ros2/install/simulator_messages/include/simulator_messages/simulator_messages/msg/rosidl_generator_c__visibility_control.h
[1.418s] -- Installing: /home/pengyh/workspace/FreeAskAgent/closed_loop/ros2/install/simulator_messages/include/simulator_messages/simulator_messages/msg/navigation_command.h
[1.419s] -- Installing: /home/pengyh/workspace/FreeAskAgent/closed_loop/ros2/install/simulator_messages/share/simulator_messages/environment/library_path.sh
[1.419s] -- Installing: /home/pengyh/workspace/FreeAskAgent/closed_loop/ros2/install/simulator_messages/share/simulator_messages/environment/library_path.dsv
[1.419s] -- Installing: /home/pengyh/workspace/FreeAskAgent/closed_loop/ros2/install/simulator_messages/lib/libsimulator_messages__rosidl_generator_c.so
[1.419s] -- Set non-toolchain portion of runtime path of "/home/pengyh/workspace/FreeAskAgent/closed_loop/ros2/install/simulator_messages/lib/libsimulator_messages__rosidl_generator_c.so" to ""
[1.419s] -- Up-to-date: /home/pengyh/workspace/FreeAskAgent/closed_loop/ros2/install/simulator_messages/include/simulator_messages/simulator_messages
[1.419s] -- Up-to-date: /home/pengyh/workspace/FreeAskAgent/closed_loop/ros2/install/simulator_messages/include/simulator_messages/simulator_messages/msg
[1.419s] -- Installing: /home/pengyh/workspace/FreeAskAgent/closed_loop/ros2/install/simulator_messages/include/simulator_messages/simulator_messages/msg/rosidl_typesupport_fastrtps_c__visibility_control.h
[1.419s] -- Up-to-date: /home/pengyh/workspace/FreeAskAgent/closed_loop/ros2/install/simulator_messages/include/simulator_messages/simulator_messages/msg/detail
[1.419s] -- Installing: /home/pengyh/workspace/FreeAskAgent/closed_loop/ros2/install/simulator_messages/include/simulator_messages/simulator_messages/msg/detail/navigation_command__rosidl_typesupport_fastrtps_c.h
[1.419s] -- Installing: /home/pengyh/workspace/FreeAskAgent/closed_loop/ros2/install/simulator_messages/lib/libsimulator_messages__rosidl_typesupport_fastrtps_c.so
[1.420s] -- Set non-toolchain portion of runtime path of "/home/pengyh/workspace/FreeAskAgent/closed_loop/ros2/install/simulator_messages/lib/libsimulator_messages__rosidl_typesupport_fastrtps_c.so" to ""
[1.420s] -- Up-to-date: /home/pengyh/workspace/FreeAskAgent/closed_loop/ros2/install/simulator_messages/include/simulator_messages/simulator_messages
[1.420s] -- Up-to-date: /home/pengyh/workspace/FreeAskAgent/closed_loop/ros2/install/simulator_messages/include/simulator_messages/simulator_messages/msg
[1.420s] -- Installing: /home/pengyh/workspace/FreeAskAgent/closed_loop/ros2/install/simulator_messages/include/simulator_messages/simulator_messages/msg/rosidl_typesupport_introspection_c__visibility_control.h
[1.420s] -- Up-to-date: /home/pengyh/workspace/FreeAskAgent/closed_loop/ros2/install/simulator_messages/include/simulator_messages/simulator_messages/msg/detail
[1.420s] -- Installing: /home/pengyh/workspace/FreeAskAgent/closed_loop/ros2/install/simulator_messages/include/simulator_messages/simulator_messages/msg/detail/navigation_command__rosidl_typesupport_introspection_c.h
[1.420s] -- Up-to-date: /home/pengyh/workspace/FreeAskAgent/closed_loop/ros2/install/simulator_messages/include/simulator_messages/simulator_messages/msg/detail/navigation_command__type_support.c
[1.420s] -- Installing: /home/pengyh/workspace/FreeAskAgent/closed_loop/ros2/install/simulator_messages/lib/libsimulator_messages__rosidl_typesupport_introspection_c.so
[1.420s] -- Set non-toolchain portion of runtime path of "/home/pengyh/workspace/FreeAskAgent/closed_loop/ros2/install/simulator_messages/lib/libsimulator_messages__rosidl_typesupport_introspection_c.so" to ""
[1.420s] -- Installing: /home/pengyh/workspace/FreeAskAgent/closed_loop/ros2/install/simulator_messages/lib/libsimulator_messages__rosidl_typesupport_c.so
[1.420s] -- Set non-toolchain portion of runtime path of "/home/pengyh/workspace/FreeAskAgent/closed_loop/ros2/install/simulator_messages/lib/libsimulator_messages__rosidl_typesupport_c.so" to ""
[1.420s] -- Up-to-date: /home/pengyh/workspace/FreeAskAgent/closed_loop/ros2/install/simulator_messages/include/simulator_messages/simulator_messages
[1.420s] -- Up-to-date: /home/pengyh/workspace/FreeAskAgent/closed_loop/ros2/install/simulator_messages/include/simulator_messages/simulator_messages/msg
[1.420s] -- Installing: /home/pengyh/workspace/FreeAskAgent/closed_loop/ros2/install/simulator_messages/include/simulator_messages/simulator_messages/msg/rosidl_generator_cpp__visibility_control.hpp
[1.420s] -- Up-to-date: /home/pengyh/workspace/FreeAskAgent/closed_loop/ros2/install/simulator_messages/include/simulator_messages/simulator_messages/msg/detail
[1.420s] -- Installing: /home/pengyh/workspace/FreeAskAgent/closed_loop/ros2/install/simulator_messages/include/simulator_messages/simulator_messages/msg/detail/navigation_command__struct.hpp
[1.420s] -- Installing: /home/pengyh/workspace/FreeAskAgent/closed_loop/ros2/install/simulator_messages/include/simulator_messages/simulator_messages/msg/detail/navigation_command__builder.hpp
[1.420s] -- Installing: /home/pengyh/workspace/FreeAskAgent/closed_loop/ros2/install/simulator_messages/include/simulator_messages/simulator_messages/msg/detail/navigation_command__traits.hpp
[1.420s] -- Installing: /home/pengyh/workspace/FreeAskAgent/closed_loop/ros2/install/simulator_messages/include/simulator_messages/simulator_messages/msg/detail/navigation_command__type_support.hpp
[1.420s] -- Installing: /home/pengyh/workspace/FreeAskAgent/closed_loop/ros2/install/simulator_messages/include/simulator_messages/simulator_messages/msg/navigation_command.hpp
[1.420s] -- Up-to-date: /home/pengyh/workspace/FreeAskAgent/closed_loop/ros2/install/simulator_messages/include/simulator_messages/simulator_messages
[1.420s] -- Up-to-date: /home/pengyh/workspace/FreeAskAgent/closed_loop/ros2/install/simulator_messages/include/simulator_messages/simulator_messages/msg
[1.420s] -- Installing: /home/pengyh/workspace/FreeAskAgent/closed_loop/ros2/install/simulator_messages/include/simulator_messages/simulator_messages/msg/rosidl_typesupport_fastrtps_cpp__visibility_control.h
[1.421s] -- Up-to-date: /home/pengyh/workspace/FreeAskAgent/closed_loop/ros2/install/simulator_messages/include/simulator_messages/simulator_messages/msg/detail
[1.421s] -- Installing: /home/pengyh/workspace/FreeAskAgent/closed_loop/ros2/install/simulator_messages/include/simulator_messages/simulator_messages/msg/detail/dds_fastrtps
[1.421s] -- Installing: /home/pengyh/workspace/FreeAskAgent/closed_loop/ros2/install/simulator_messages/include/simulator_messages/simulator_messages/msg/detail/navigation_command__rosidl_typesupport_fastrtps_cpp.hpp
[1.421s] -- Installing: /home/pengyh/workspace/FreeAskAgent/closed_loop/ros2/install/simulator_messages/lib/libsimulator_messages__rosidl_typesupport_fastrtps_cpp.so
[1.421s] -- Set non-toolchain portion of runtime path of "/home/pengyh/workspace/FreeAskAgent/closed_loop/ros2/install/simulator_messages/lib/libsimulator_messages__rosidl_typesupport_fastrtps_cpp.so" to ""
[1.421s] -- Up-to-date: /home/pengyh/workspace/FreeAskAgent/closed_loop/ros2/install/simulator_messages/include/simulator_messages/simulator_messages
[1.421s] -- Up-to-date: /home/pengyh/workspace/FreeAskAgent/closed_loop/ros2/install/simulator_messages/include/simulator_messages/simulator_messages/msg
[1.421s] -- Up-to-date: /home/pengyh/workspace/FreeAskAgent/closed_loop/ros2/install/simulator_messages/include/simulator_messages/simulator_messages/msg/detail
[1.421s] -- Installing: /home/pengyh/workspace/FreeAskAgent/closed_loop/ros2/install/simulator_messages/include/simulator_messages/simulator_messages/msg/detail/navigation_command__type_support.cpp
[1.421s] -- Installing: /home/pengyh/workspace/FreeAskAgent/closed_loop/ros2/install/simulator_messages/include/simulator_messages/simulator_messages/msg/detail/navigation_command__rosidl_typesupport_introspection_cpp.hpp
[1.421s] -- Installing: /home/pengyh/workspace/FreeAskAgent/closed_loop/ros2/install/simulator_messages/lib/libsimulator_messages__rosidl_typesupport_introspection_cpp.so
[1.421s] -- Set non-toolchain portion of runtime path of "/home/pengyh/workspace/FreeAskAgent/closed_loop/ros2/install/simulator_messages/lib/libsimulator_messages__rosidl_typesupport_introspection_cpp.so" to ""
[1.421s] -- Installing: /home/pengyh/workspace/FreeAskAgent/closed_loop/ros2/install/simulator_messages/lib/libsimulator_messages__rosidl_typesupport_cpp.so
[1.421s] -- Set non-toolchain portion of runtime path of "/home/pengyh/workspace/FreeAskAgent/closed_loop/ros2/install/simulator_messages/lib/libsimulator_messages__rosidl_typesupport_cpp.so" to ""
[1.421s] -- Installing: /home/pengyh/workspace/FreeAskAgent/closed_loop/ros2/install/simulator_messages/share/simulator_messages/environment/pythonpath.sh
[1.421s] -- Installing: /home/pengyh/workspace/FreeAskAgent/closed_loop/ros2/install/simulator_messages/share/simulator_messages/environment/pythonpath.dsv
[1.421s] -- Installing: /home/pengyh/workspace/FreeAskAgent/closed_loop/ros2/install/simulator_messages/lib/python3.10/site-packages/simulator_messages-0.0.0-py3.10.egg-info
[1.422s] -- Installing: /home/pengyh/workspace/FreeAskAgent/closed_loop/ros2/install/simulator_messages/lib/python3.10/site-packages/simulator_messages-0.0.0-py3.10.egg-info/top_level.txt
[1.422s] -- Installing: /home/pengyh/workspace/FreeAskAgent/closed_loop/ros2/install/simulator_messages/lib/python3.10/site-packages/simulator_messages-0.0.0-py3.10.egg-info/PKG-INFO
[1.422s] -- Installing: /home/pengyh/workspace/FreeAskAgent/closed_loop/ros2/install/simulator_messages/lib/python3.10/site-packages/simulator_messages-0.0.0-py3.10.egg-info/SOURCES.txt
[1.422s] -- Installing: /home/pengyh/workspace/FreeAskAgent/closed_loop/ros2/install/simulator_messages/lib/python3.10/site-packages/simulator_messages-0.0.0-py3.10.egg-info/dependency_links.txt
[1.422s] -- Installing: /home/pengyh/workspace/FreeAskAgent/closed_loop/ros2/install/simulator_messages/lib/python3.10/site-packages/simulator_messages
[1.422s] -- Installing: /home/pengyh/workspace/FreeAskAgent/closed_loop/ros2/install/simulator_messages/lib/python3.10/site-packages/simulator_messages/_simulator_messages_s.ep.rosidl_typesupport_introspection_c.c
[1.422s] -- Installing: /home/pengyh/workspace/FreeAskAgent/closed_loop/ros2/install/simulator_messages/lib/python3.10/site-packages/simulator_messages/msg
[1.422s] -- Installing: /home/pengyh/workspace/FreeAskAgent/closed_loop/ros2/install/simulator_messages/lib/python3.10/site-packages/simulator_messages/msg/_navigation_command_s.c
[1.422s] -- Installing: /home/pengyh/workspace/FreeAskAgent/closed_loop/ros2/install/simulator_messages/lib/python3.10/site-packages/simulator_messages/msg/_navigation_command.py
[1.422s] -- Installing: /home/pengyh/workspace/FreeAskAgent/closed_loop/ros2/install/simulator_messages/lib/python3.10/site-packages/simulator_messages/msg/__init__.py
[1.423s] -- Installing: /home/pengyh/workspace/FreeAskAgent/closed_loop/ros2/install/simulator_messages/lib/python3.10/site-packages/simulator_messages/simulator_messages_s__rosidl_typesupport_c.so
[1.423s] -- Installing: /home/pengyh/workspace/FreeAskAgent/closed_loop/ros2/install/simulator_messages/lib/python3.10/site-packages/simulator_messages/simulator_messages_s__rosidl_typesupport_introspection_c.so
[1.423s] -- Installing: /home/pengyh/workspace/FreeAskAgent/closed_loop/ros2/install/simulator_messages/lib/python3.10/site-packages/simulator_messages/__init__.py
[1.423s] -- Installing: /home/pengyh/workspace/FreeAskAgent/closed_loop/ros2/install/simulator_messages/lib/python3.10/site-packages/simulator_messages/_simulator_messages_s.ep.rosidl_typesupport_fastrtps_c.c
[1.423s] -- Installing: /home/pengyh/workspace/FreeAskAgent/closed_loop/ros2/install/simulator_messages/lib/python3.10/site-packages/simulator_messages/_simulator_messages_s.ep.rosidl_typesupport_c.c
[1.423s] -- Installing: /home/pengyh/workspace/FreeAskAgent/closed_loop/ros2/install/simulator_messages/lib/python3.10/site-packages/simulator_messages/simulator_messages_s__rosidl_typesupport_fastrtps_c.so
[1.441s] Listing '/home/pengyh/workspace/FreeAskAgent/closed_loop/ros2/install/simulator_messages/lib/python3.10/site-packages/simulator_messages'...
[1.441s] Compiling '/home/pengyh/workspace/FreeAskAgent/closed_loop/ros2/install/simulator_messages/lib/python3.10/site-packages/simulator_messages/__init__.py'...
[1.441s] Listing '/home/pengyh/workspace/FreeAskAgent/closed_loop/ros2/install/simulator_messages/lib/python3.10/site-packages/simulator_messages/msg'...
[1.441s] Compiling '/home/pengyh/workspace/FreeAskAgent/closed_loop/ros2/install/simulator_messages/lib/python3.10/site-packages/simulator_messages/msg/__init__.py'...
[1.441s] Compiling '/home/pengyh/workspace/FreeAskAgent/closed_loop/ros2/install/simulator_messages/lib/python3.10/site-packages/simulator_messages/msg/_navigation_command.py'...
[1.444s] -- Installing: /home/pengyh/workspace/FreeAskAgent/closed_loop/ros2/install/simulator_messages/lib/python3.10/site-packages/simulator_messages/simulator_messages_s__rosidl_typesupport_fastrtps_c.so
[1.444s] -- Set non-toolchain portion of runtime path of "/home/pengyh/workspace/FreeAskAgent/closed_loop/ros2/install/simulator_messages/lib/python3.10/site-packages/simulator_messages/simulator_messages_s__rosidl_typesupport_fastrtps_c.so" to ""
[1.444s] -- Installing: /home/pengyh/workspace/FreeAskAgent/closed_loop/ros2/install/simulator_messages/lib/python3.10/site-packages/simulator_messages/simulator_messages_s__rosidl_typesupport_introspection_c.so
[1.444s] -- Set non-toolchain portion of runtime path of "/home/pengyh/workspace/FreeAskAgent/closed_loop/ros2/install/simulator_messages/lib/python3.10/site-packages/simulator_messages/simulator_messages_s__rosidl_typesupport_introspection_c.so" to ""
[1.444s] -- Installing: /home/pengyh/workspace/FreeAskAgent/closed_loop/ros2/install/simulator_messages/lib/python3.10/site-packages/simulator_messages/simulator_messages_s__rosidl_typesupport_c.so
[1.444s] -- Set non-toolchain portion of runtime path of "/home/pengyh/workspace/FreeAskAgent/closed_loop/ros2/install/simulator_messages/lib/python3.10/site-packages/simulator_messages/simulator_messages_s__rosidl_typesupport_c.so" to ""
[1.444s] -- Installing: /home/pengyh/workspace/FreeAskAgent/closed_loop/ros2/install/simulator_messages/lib/libsimulator_messages__rosidl_generator_py.so
[1.445s] -- Set non-toolchain portion of runtime path of "/home/pengyh/workspace/FreeAskAgent/closed_loop/ros2/install/simulator_messages/lib/libsimulator_messages__rosidl_generator_py.so" to ""
[1.445s] -- Installing: /home/pengyh/workspace/FreeAskAgent/closed_loop/ros2/install/simulator_messages/share/simulator_messages/msg/NavigationCommand.idl
[1.445s] -- Installing: /home/pengyh/workspace/FreeAskAgent/closed_loop/ros2/install/simulator_messages/share/simulator_messages/msg/NavigationCommand.msg
[1.445s] -- Installing: /home/pengyh/workspace/FreeAskAgent/closed_loop/ros2/install/simulator_messages/share/ament_index/resource_index/package_run_dependencies/simulator_messages
[1.445s] -- Installing: /home/pengyh/workspace/FreeAskAgent/closed_loop/ros2/install/simulator_messages/share/ament_index/resource_index/parent_prefix_path/simulator_messages
[1.445s] -- Installing: /home/pengyh/workspace/FreeAskAgent/closed_loop/ros2/install/simulator_messages/share/simulator_messages/environment/ament_prefix_path.sh
[1.445s] -- Installing: /home/pengyh/workspace/FreeAskAgent/closed_loop/ros2/install/simulator_messages/share/simulator_messages/environment/ament_prefix_path.dsv
[1.445s] -- Installing: /home/pengyh/workspace/FreeAskAgent/closed_loop/ros2/install/simulator_messages/share/simulator_messages/environment/path.sh
[1.445s] -- Installing: /home/pengyh/workspace/FreeAskAgent/closed_loop/ros2/install/simulator_messages/share/simulator_messages/environment/path.dsv
[1.445s] -- Installing: /home/pengyh/workspace/FreeAskAgent/closed_loop/ros2/install/simulator_messages/share/simulator_messages/local_setup.bash
[1.445s] -- Installing: /home/pengyh/workspace/FreeAskAgent/closed_loop/ros2/install/simulator_messages/share/simulator_messages/local_setup.sh
[1.445s] -- Installing: /home/pengyh/workspace/FreeAskAgent/closed_loop/ros2/install/simulator_messages/share/simulator_messages/local_setup.zsh
[1.446s] -- Installing: /home/pengyh/workspace/FreeAskAgent/closed_loop/ros2/install/simulator_messages/share/simulator_messages/local_setup.dsv
[1.446s] -- Up-to-date: /home/pengyh/workspace/FreeAskAgent/closed_loop/ros2/install/simulator_messages/share/simulator_messages/package.dsv
[1.446s] -- Installing: /home/pengyh/workspace/FreeAskAgent/closed_loop/ros2/install/simulator_messages/share/ament_index/resource_index/packages/simulator_messages
[1.446s] -- Installing: /home/pengyh/workspace/FreeAskAgent/closed_loop/ros2/install/simulator_messages/share/simulator_messages/cmake/export_simulator_messages__rosidl_generator_cExport.cmake
[1.446s] -- Installing: /home/pengyh/workspace/FreeAskAgent/closed_loop/ros2/install/simulator_messages/share/simulator_messages/cmake/export_simulator_messages__rosidl_generator_cExport-noconfig.cmake
[1.446s] -- Installing: /home/pengyh/workspace/FreeAskAgent/closed_loop/ros2/install/simulator_messages/share/simulator_messages/cmake/export_simulator_messages__rosidl_typesupport_fastrtps_cExport.cmake
[1.446s] -- Installing: /home/pengyh/workspace/FreeAskAgent/closed_loop/ros2/install/simulator_messages/share/simulator_messages/cmake/export_simulator_messages__rosidl_typesupport_fastrtps_cExport-noconfig.cmake
[1.446s] -- Installing: /home/pengyh/workspace/FreeAskAgent/closed_loop/ros2/install/simulator_messages/share/simulator_messages/cmake/simulator_messages__rosidl_typesupport_introspection_cExport.cmake
[1.446s] -- Installing: /home/pengyh/workspace/FreeAskAgent/closed_loop/ros2/install/simulator_messages/share/simulator_messages/cmake/simulator_messages__rosidl_typesupport_introspection_cExport-noconfig.cmake
[1.447s] -- Installing: /home/pengyh/workspace/FreeAskAgent/closed_loop/ros2/install/simulator_messages/share/simulator_messages/cmake/simulator_messages__rosidl_typesupport_cExport.cmake
[1.447s] -- Installing: /home/pengyh/workspace/FreeAskAgent/closed_loop/ros2/install/simulator_messages/share/simulator_messages/cmake/simulator_messages__rosidl_typesupport_cExport-noconfig.cmake
[1.447s] -- Installing: /home/pengyh/workspace/FreeAskAgent/closed_loop/ros2/install/simulator_messages/share/simulator_messages/cmake/export_simulator_messages__rosidl_generator_cppExport.cmake
[1.447s] -- Installing: /home/pengyh/workspace/FreeAskAgent/closed_loop/ros2/install/simulator_messages/share/simulator_messages/cmake/export_simulator_messages__rosidl_typesupport_fastrtps_cppExport.cmake
[1.447s] -- Installing: /home/pengyh/workspace/FreeAskAgent/closed_loop/ros2/install/simulator_messages/share/simulator_messages/cmake/export_simulator_messages__rosidl_typesupport_fastrtps_cppExport-noconfig.cmake
[1.447s] -- Installing: /home/pengyh/workspace/FreeAskAgent/closed_loop/ros2/install/simulator_messages/share/simulator_messages/cmake/simulator_messages__rosidl_typesupport_introspection_cppExport.cmake
[1.447s] -- Installing: /home/pengyh/workspace/FreeAskAgent/closed_loop/ros2/install/simulator_messages/share/simulator_messages/cmake/simulator_messages__rosidl_typesupport_introspection_cppExport-noconfig.cmake
[1.447s] -- Installing: /home/pengyh/workspace/FreeAskAgent/closed_loop/ros2/install/simulator_messages/share/simulator_messages/cmake/simulator_messages__rosidl_typesupport_cppExport.cmake
[1.447s] -- Installing: /home/pengyh/workspace/FreeAskAgent/closed_loop/ros2/install/simulator_messages/share/simulator_messages/cmake/simulator_messages__rosidl_typesupport_cppExport-noconfig.cmake
[1.447s] -- Installing: /home/pengyh/workspace/FreeAskAgent/closed_loop/ros2/install/simulator_messages/share/simulator_messages/cmake/export_simulator_messages__rosidl_generator_pyExport.cmake
[1.447s] -- Installing: /home/pengyh/workspace/FreeAskAgent/closed_loop/ros2/install/simulator_messages/share/simulator_messages/cmake/export_simulator_messages__rosidl_generator_pyExport-noconfig.cmake
[1.448s] -- Installing: /home/pengyh/workspace/FreeAskAgent/closed_loop/ros2/install/simulator_messages/share/simulator_messages/cmake/rosidl_cmake-extras.cmake
[1.448s] -- Installing: /home/pengyh/workspace/FreeAskAgent/closed_loop/ros2/install/simulator_messages/share/simulator_messages/cmake/ament_cmake_export_dependencies-extras.cmake
[1.448s] -- Installing: /home/pengyh/workspace/FreeAskAgent/closed_loop/ros2/install/simulator_messages/share/simulator_messages/cmake/ament_cmake_export_include_directories-extras.cmake
[1.448s] -- Installing: /home/pengyh/workspace/FreeAskAgent/closed_loop/ros2/install/simulator_messages/share/simulator_messages/cmake/ament_cmake_export_libraries-extras.cmake
[1.448s] -- Installing: /home/pengyh/workspace/FreeAskAgent/closed_loop/ros2/install/simulator_messages/share/simulator_messages/cmake/ament_cmake_export_targets-extras.cmake
[1.448s] -- Installing: /home/pengyh/workspace/FreeAskAgent/closed_loop/ros2/install/simulator_messages/share/simulator_messages/cmake/rosidl_cmake_export_typesupport_targets-extras.cmake
[1.448s] -- Installing: /home/pengyh/workspace/FreeAskAgent/closed_loop/ros2/install/simulator_messages/share/simulator_messages/cmake/rosidl_cmake_export_typesupport_libraries-extras.cmake
[1.448s] -- Installing: /home/pengyh/workspace/FreeAskAgent/closed_loop/ros2/install/simulator_messages/share/simulator_messages/cmake/simulator_messagesConfig.cmake
[1.448s] -- Installing: /home/pengyh/workspace/FreeAskAgent/closed_loop/ros2/install/simulator_messages/share/simulator_messages/cmake/simulator_messagesConfig-version.cmake
[1.448s] -- Installing: /home/pengyh/workspace/FreeAskAgent/closed_loop/ros2/install/simulator_messages/share/simulator_messages/package.xml
[1.450s] Invoked command in '/home/pengyh/workspace/FreeAskAgent/closed_loop/ros2/build/simulator_messages' returned '0': CONDA_PROMPT_MODIFIER=(ros2_jazzy) DEBUGINFOD_URLS=https://debuginfod.ubuntu.com /home/pengyh/softwares/anaconda3/envs/ros2_jazzy/bin/cmake --install /home/pengyh/workspace/FreeAskAgent/closed_loop/ros2/build/simulator_messages
