[0.775s] Invoking command in '/home/pengyh/workspace/FreeAskAgent/closed_loop/ros2/src/vln_connector': DEBUGINFOD_URLS=https://debuginfod.ubuntu.com PYTHONPATH=/home/pengyh/workspace/FreeAskAgent/closed_loop/ros2/build/vln_connector/prefix_override:/usr/lib/python3/dist-packages/colcon_core/task/python/colcon_distutils_commands:/home/pengyh/workspace/FreeAskAgent/closed_loop/ros2/install/vln_connector/lib/python3.12/site-packages:/home/pengyh/workspace/FreeAskAgent/closed_loop/ros2/install/simulator_messages/lib/python3.12/site-packages:/home/pengyh/workspace/FreeAskAgent/closed_loop/ros2/install/vln_connector/lib/python3.12/site-packages:/home/pengyh/workspace/FreeAskAgent/closed_loop/ros2/install/ros_tcp_endpoint/lib/python3.12/site-packages:/opt/ros/jazzy/lib/python3.12/site-packages /usr/bin/python3 -W ignore:setup.py install is deprecated -W ignore:easy_install command is deprecated setup.py egg_info --egg-base ../../build/vln_connector build --build-base /home/pengyh/workspace/FreeAskAgent/closed_loop/ros2/build/vln_connector/build install --record /home/pengyh/workspace/FreeAskAgent/closed_loop/ros2/build/vln_connector/install.log --single-version-externally-managed
[0.889s] running egg_info
[0.904s] writing ../../build/vln_connector/vln_connector.egg-info/PKG-INFO
[0.906s] writing dependency_links to ../../build/vln_connector/vln_connector.egg-info/dependency_links.txt
[0.906s] writing entry points to ../../build/vln_connector/vln_connector.egg-info/entry_points.txt
[0.906s] writing requirements to ../../build/vln_connector/vln_connector.egg-info/requires.txt
[0.907s] writing top-level names to ../../build/vln_connector/vln_connector.egg-info/top_level.txt
[0.930s] reading manifest file '../../build/vln_connector/vln_connector.egg-info/SOURCES.txt'
[0.930s] writing manifest file '../../build/vln_connector/vln_connector.egg-info/SOURCES.txt'
[0.931s] running build
[0.931s] running build_py
[0.931s] running install
[0.934s] running install_lib
[0.947s] running install_egg_info
[0.956s] removing '/home/pengyh/workspace/FreeAskAgent/closed_loop/ros2/install/vln_connector/lib/python3.12/site-packages/vln_connector-0.0.1-py3.12.egg-info' (and everything under it)
[0.956s] Copying ../../build/vln_connector/vln_connector.egg-info to /home/pengyh/workspace/FreeAskAgent/closed_loop/ros2/install/vln_connector/lib/python3.12/site-packages/vln_connector-0.0.1-py3.12.egg-info
[0.957s] running install_scripts
[1.026s] Installing agent_baseline script to /home/pengyh/workspace/FreeAskAgent/closed_loop/ros2/install/vln_connector/lib/vln_connector
[1.026s] Installing rgbd_connector script to /home/pengyh/workspace/FreeAskAgent/closed_loop/ros2/install/vln_connector/lib/vln_connector
[1.026s] writing list of installed files to '/home/pengyh/workspace/FreeAskAgent/closed_loop/ros2/build/vln_connector/install.log'
[1.041s] Invoked command in '/home/pengyh/workspace/FreeAskAgent/closed_loop/ros2/src/vln_connector' returned '0': DEBUGINFOD_URLS=https://debuginfod.ubuntu.com PYTHONPATH=/home/pengyh/workspace/FreeAskAgent/closed_loop/ros2/build/vln_connector/prefix_override:/usr/lib/python3/dist-packages/colcon_core/task/python/colcon_distutils_commands:/home/pengyh/workspace/FreeAskAgent/closed_loop/ros2/install/vln_connector/lib/python3.12/site-packages:/home/pengyh/workspace/FreeAskAgent/closed_loop/ros2/install/simulator_messages/lib/python3.12/site-packages:/home/pengyh/workspace/FreeAskAgent/closed_loop/ros2/install/vln_connector/lib/python3.12/site-packages:/home/pengyh/workspace/FreeAskAgent/closed_loop/ros2/install/ros_tcp_endpoint/lib/python3.12/site-packages:/opt/ros/jazzy/lib/python3.12/site-packages /usr/bin/python3 -W ignore:setup.py install is deprecated -W ignore:easy_install command is deprecated setup.py egg_info --egg-base ../../build/vln_connector build --build-base /home/pengyh/workspace/FreeAskAgent/closed_loop/ros2/build/vln_connector/build install --record /home/pengyh/workspace/FreeAskAgent/closed_loop/ros2/build/vln_connector/install.log --single-version-externally-managed
