[0.005s] Invoking command in '/home/pengyh/workspace/FreeAskAgent/closed_loop/ros2/build/simulator_messages': CMAKE_PREFIX_PATH=${CMAKE_PREFIX_PATH}:/opt/ros/jazzy CONDA_PROMPT_MODIFIER=(ros2_jazzy) DEBUGINFOD_URLS=https://debuginfod.ubuntu.com /home/pengyh/softwares/anaconda3/envs/ros2_jazzy/bin/cmake /home/pengyh/workspace/FreeAskAgent/closed_loop/ros2/src/simulator_messages -DCMAKE_INSTALL_PREFIX=/home/pengyh/workspace/FreeAskAgent/closed_loop/ros2/install/simulator_messages
[0.009s] [0mCMake Deprecation Warning at CMakeLists.txt:1 (cmake_minimum_required):
[0.010s]   Compatibility with CMake < 3.10 will be removed from a future version of
[0.010s]   CMake.
[0.010s] 
[0.010s]   Update the VERSION argument <min> value.  Or, use the <min>...<max> syntax
[0.010s]   to tell CMake that the project requires at least <min> but has been updated
[0.010s]   to work with policies introduced by <max> or earlier.
[0.010s] 
[0.010s] [0m
[0.016s] -- Found ament_cmake: 2.5.4 (/opt/ros/jazzy/share/ament_cmake/cmake)
[0.073s] -- Found Python3: /home/pengyh/softwares/anaconda3/envs/ros2_jazzy/bin/python3 (found version "3.10.19") found components: Interpreter
[0.113s] -- Found rosidl_default_generators: 1.6.0 (/opt/ros/jazzy/share/rosidl_default_generators/cmake)
[0.114s] -- Using all available rosidl_typesupport_c: rosidl_typesupport_fastrtps_c;rosidl_typesupport_introspection_c
[0.198s] -- Using all available rosidl_typesupport_cpp: rosidl_typesupport_fastrtps_cpp;rosidl_typesupport_introspection_cpp
[0.211s] -- Found rosidl_adapter: 4.6.6 (/opt/ros/jazzy/share/rosidl_adapter/cmake)
[0.212s] -- Found std_msgs: 5.3.6 (/opt/ros/jazzy/share/std_msgs/cmake)
[0.326s] Traceback (most recent call last):
[0.326s]   File "/opt/ros/jazzy/share/ament_cmake_core/cmake/core/package_xml_2_cmake.py", line 22, in <module>
[0.326s]     from catkin_pkg.package import parse_package_string
[0.326s] ModuleNotFoundError: No module named 'catkin_pkg'
[0.328s] [31mCMake Error at /opt/ros/jazzy/share/ament_cmake_core/cmake/core/ament_package_xml.cmake:95 (message):
[0.328s]   
[0.328s]   execute_process(/home/pengyh/softwares/anaconda3/envs/ros2_jazzy/bin/python3
[0.328s]   /opt/ros/jazzy/share/ament_cmake_core/cmake/core/package_xml_2_cmake.py
[0.328s]   /home/pengyh/workspace/FreeAskAgent/closed_loop/ros2/src/simulator_messages/package.xml
[0.328s]   /home/pengyh/workspace/FreeAskAgent/closed_loop/ros2/build/simulator_messages/ament_cmake_core/package.cmake)
[0.328s]   returned error code 1
[0.328s] Call Stack (most recent call first):
[0.328s]   /opt/ros/jazzy/share/ament_cmake_core/cmake/core/ament_package_xml.cmake:49 (_ament_package_xml)
[0.328s]   /opt/ros/jazzy/share/rosidl_cmake/cmake/rosidl_generate_interfaces.cmake:220 (ament_package_xml)
[0.328s]   CMakeLists.txt:8 (rosidl_generate_interfaces)
[0.328s] 
[0.328s] [0m
[0.328s] -- Configuring incomplete, errors occurred!
[0.332s] Invoked command in '/home/pengyh/workspace/FreeAskAgent/closed_loop/ros2/build/simulator_messages' returned '1': CMAKE_PREFIX_PATH=${CMAKE_PREFIX_PATH}:/opt/ros/jazzy CONDA_PROMPT_MODIFIER=(ros2_jazzy) DEBUGINFOD_URLS=https://debuginfod.ubuntu.com /home/pengyh/softwares/anaconda3/envs/ros2_jazzy/bin/cmake /home/pengyh/workspace/FreeAskAgent/closed_loop/ros2/src/simulator_messages -DCMAKE_INSTALL_PREFIX=/home/pengyh/workspace/FreeAskAgent/closed_loop/ros2/install/simulator_messages
