[0.621s] Invoking command in '/home/pengyh/workspace/FreeAskAgent/closed_loop/ros2/src/vln_connector': CMAKE_PREFIX_PATH=/home/pengyh/workspace/FreeAskAgent/closed_loop/ros2/install/simulator_messages:${CMAKE_PREFIX_PATH} DEBUGINFOD_URLS=https://debuginfod.ubuntu.com LD_LIBRARY_PATH=/home/pengyh/workspace/FreeAskAgent/closed_loop/ros2/install/simulator_messages/lib:${LD_LIBRARY_PATH} PKG_CONFIG_PATH=/home/pengyh/workspace/FreeAskAgent/closed_loop/ros2/install/simulator_messages/lib/x86_64-linux-gnu/pkgconfig:/home/pengyh/workspace/FreeAskAgent/closed_loop/ros2/install/simulator_messages/lib/pkgconfig PYTHONPATH=/home/pengyh/workspace/FreeAskAgent/closed_loop/ros2/build/vln_connector/prefix_override:/usr/lib/python3/dist-packages/colcon_core/task/python/colcon_distutils_commands:/home/pengyh/workspace/FreeAskAgent/closed_loop/ros2/install/vln_connector/lib/python3.12/site-packages:/home/pengyh/workspace/FreeAskAgent/closed_loop/ros2/install/simulator_messages/lib/python3.12/site-packages:${PYTHONPATH} ROS_PACKAGE_PATH=/home/pengyh/workspace/FreeAskAgent/closed_loop/ros2/install/simulator_messages/share /usr/bin/python3 -W ignore:setup.py install is deprecated -W ignore:easy_install command is deprecated setup.py egg_info --egg-base ../../build/vln_connector build --build-base /home/pengyh/workspace/FreeAskAgent/closed_loop/ros2/build/vln_connector/build install --record /home/pengyh/workspace/FreeAskAgent/closed_loop/ros2/build/vln_connector/install.log --single-version-externally-managed
[0.731s] running egg_info
[0.738s] writing ../../build/vln_connector/vln_connector.egg-info/PKG-INFO
[0.738s] writing dependency_links to ../../build/vln_connector/vln_connector.egg-info/dependency_links.txt
[0.738s] writing entry points to ../../build/vln_connector/vln_connector.egg-info/entry_points.txt
[0.739s] writing requirements to ../../build/vln_connector/vln_connector.egg-info/requires.txt
[0.739s] writing top-level names to ../../build/vln_connector/vln_connector.egg-info/top_level.txt
[0.753s] reading manifest file '../../build/vln_connector/vln_connector.egg-info/SOURCES.txt'
[0.753s] writing manifest file '../../build/vln_connector/vln_connector.egg-info/SOURCES.txt'
[0.754s] running build
[0.754s] running build_py
[0.754s] copying vln_connector/agent_baseline.py -> /home/pengyh/workspace/FreeAskAgent/closed_loop/ros2/build/vln_connector/build/lib/vln_connector
[0.754s] copying vln_connector/rgbd_connector.py -> /home/pengyh/workspace/FreeAskAgent/closed_loop/ros2/build/vln_connector/build/lib/vln_connector
[0.754s] running install
[0.757s] running install_lib
[0.766s] copying /home/pengyh/workspace/FreeAskAgent/closed_loop/ros2/build/vln_connector/build/lib/vln_connector/agent_baseline.py -> /home/pengyh/workspace/FreeAskAgent/closed_loop/ros2/install/vln_connector/lib/python3.12/site-packages/vln_connector
[0.766s] copying /home/pengyh/workspace/FreeAskAgent/closed_loop/ros2/build/vln_connector/build/lib/vln_connector/rgbd_connector.py -> /home/pengyh/workspace/FreeAskAgent/closed_loop/ros2/install/vln_connector/lib/python3.12/site-packages/vln_connector
[0.767s] byte-compiling /home/pengyh/workspace/FreeAskAgent/closed_loop/ros2/install/vln_connector/lib/python3.12/site-packages/vln_connector/agent_baseline.py to agent_baseline.cpython-312.pyc
[0.767s] byte-compiling /home/pengyh/workspace/FreeAskAgent/closed_loop/ros2/install/vln_connector/lib/python3.12/site-packages/vln_connector/rgbd_connector.py to rgbd_connector.cpython-312.pyc
[0.768s] running install_egg_info
[0.777s] removing '/home/pengyh/workspace/FreeAskAgent/closed_loop/ros2/install/vln_connector/lib/python3.12/site-packages/vln_connector-0.0.1-py3.12.egg-info' (and everything under it)
[0.777s] Copying ../../build/vln_connector/vln_connector.egg-info to /home/pengyh/workspace/FreeAskAgent/closed_loop/ros2/install/vln_connector/lib/python3.12/site-packages/vln_connector-0.0.1-py3.12.egg-info
[0.778s] running install_scripts
[0.834s] Installing rgbd_connector script to /home/pengyh/workspace/FreeAskAgent/closed_loop/ros2/install/vln_connector/lib/vln_connector
[0.834s] writing list of installed files to '/home/pengyh/workspace/FreeAskAgent/closed_loop/ros2/build/vln_connector/install.log'
[0.849s] Invoked command in '/home/pengyh/workspace/FreeAskAgent/closed_loop/ros2/src/vln_connector' returned '0': CMAKE_PREFIX_PATH=/home/pengyh/workspace/FreeAskAgent/closed_loop/ros2/install/simulator_messages:${CMAKE_PREFIX_PATH} DEBUGINFOD_URLS=https://debuginfod.ubuntu.com LD_LIBRARY_PATH=/home/pengyh/workspace/FreeAskAgent/closed_loop/ros2/install/simulator_messages/lib:${LD_LIBRARY_PATH} PKG_CONFIG_PATH=/home/pengyh/workspace/FreeAskAgent/closed_loop/ros2/install/simulator_messages/lib/x86_64-linux-gnu/pkgconfig:/home/pengyh/workspace/FreeAskAgent/closed_loop/ros2/install/simulator_messages/lib/pkgconfig PYTHONPATH=/home/pengyh/workspace/FreeAskAgent/closed_loop/ros2/build/vln_connector/prefix_override:/usr/lib/python3/dist-packages/colcon_core/task/python/colcon_distutils_commands:/home/pengyh/workspace/FreeAskAgent/closed_loop/ros2/install/vln_connector/lib/python3.12/site-packages:/home/pengyh/workspace/FreeAskAgent/closed_loop/ros2/install/simulator_messages/lib/python3.12/site-packages:${PYTHONPATH} ROS_PACKAGE_PATH=/home/pengyh/workspace/FreeAskAgent/closed_loop/ros2/install/simulator_messages/share /usr/bin/python3 -W ignore:setup.py install is deprecated -W ignore:easy_install command is deprecated setup.py egg_info --egg-base ../../build/vln_connector build --build-base /home/pengyh/workspace/FreeAskAgent/closed_loop/ros2/build/vln_connector/build install --record /home/pengyh/workspace/FreeAskAgent/closed_loop/ros2/build/vln_connector/install.log --single-version-externally-managed
