[0.006s] Invoking command in '/home/pengyh/workspace/FreeAskAgent/closed_loop/ros2/build/simulator_messages': CMAKE_PREFIX_PATH=${CMAKE_PREFIX_PATH}:/home/pengyh/workspace/FreeAskAgent/closed_loop/ros2/install/ros_tcp_endpoint:/opt/ros/jazzy DEBUGINFOD_URLS=https://debuginfod.ubuntu.com /usr/bin/cmake /home/pengyh/workspace/FreeAskAgent/closed_loop/ros2/src/simulator_messages -DCMAKE_INSTALL_PREFIX=/home/pengyh/workspace/FreeAskAgent/closed_loop/ros2/install/simulator_messages
[0.012s] -- Found ament_cmake: 2.5.4 (/opt/ros/jazzy/share/ament_cmake/cmake)
[0.158s] -- Found rosidl_default_generators: 1.6.0 (/opt/ros/jazzy/share/rosidl_default_generators/cmake)
[0.159s] -- Using all available rosidl_typesupport_c: rosidl_typesupport_fastrtps_c;rosidl_typesupport_introspection_c
[0.230s] -- Using all available rosidl_typesupport_cpp: rosidl_typesupport_fastrtps_cpp;rosidl_typesupport_introspection_cpp
[0.243s] -- Found rosidl_adapter: 4.6.6 (/opt/ros/jazzy/share/rosidl_adapter/cmake)
[0.243s] -- Found std_msgs: 5.3.6 (/opt/ros/jazzy/share/std_msgs/cmake)
[0.388s] [31mCMake Error at /opt/ros/jazzy/share/rosidl_adapter/cmake/rosidl_adapt_interfaces.cmake:57 (message):
[0.388s]   execute_process(/home/pengyh/workspace/FreeAskAgent/.venv/bin/python3 -m
[0.388s]   rosidl_adapter --package-name simulator_messages --arguments-file
[0.388s]   /home/pengyh/workspace/FreeAskAgent/closed_loop/ros2/build/simulator_messages/rosidl_adapter__arguments__simulator_messages.json
[0.388s]   --output-dir
[0.388s]   /home/pengyh/workspace/FreeAskAgent/closed_loop/ros2/build/simulator_messages/rosidl_adapter/simulator_messages
[0.388s]   --output-file
[0.388s]   /home/pengyh/workspace/FreeAskAgent/closed_loop/ros2/build/simulator_messages/rosidl_adapter/simulator_messages.idls)
[0.388s]   returned error code 1:
[0.388s] 
[0.388s]   AttributeError processing template 'msg.idl.em'
[0.388s] 
[0.388s]   Traceback (most recent call last):
[0.388s] 
[0.388s]     File "<frozen runpy>", line 198, in _run_module_as_main
[0.388s]     File "<frozen runpy>", line 88, in _run_code
[0.388s]     File "/opt/ros/jazzy/lib/python3.12/site-packages/rosidl_adapter/__main__.py", line 19, in <module>
[0.388s]       sys.exit(main())
[0.388s]                ^^^^^^
[0.388s]     File "/opt/ros/jazzy/lib/python3.12/site-packages/rosidl_adapter/main.py", line 53, in main
[0.388s]       abs_idl_file = convert_to_idl(
[0.388s]                      ^^^^^^^^^^^^^^^
[0.388s]     File "/opt/ros/jazzy/lib/python3.12/site-packages/rosidl_adapter/__init__.py", line 19, in convert_to_idl
[0.388s]       return convert_msg_to_idl(
[0.388s]              ^^^^^^^^^^^^^^^^^^^
[0.388s]     File "/opt/ros/jazzy/lib/python3.12/site-packages/rosidl_adapter/msg/__init__.py", line 39, in convert_msg_to_idl
[0.388s]       expand_template('msg.idl.em', data, output_file, encoding='iso-8859-1')
[0.388s]     File "/opt/ros/jazzy/lib/python3.12/site-packages/rosidl_adapter/resource/__init__.py", line 29, in expand_template
[0.388s]       content = evaluate_template(template_name, data)
[0.388s]                 ^^^^^^^^^^^^^^^^^^^^^^^^^^^^^^^^^^^^^^
[0.389s]     File "/opt/ros/jazzy/lib/python3.12/site-packages/rosidl_adapter/resource/__init__.py", line 65, in evaluate_template
[0.389s]       _interpreter = em.Interpreter(
[0.389s]                      ^^^^^^^^^^^^^^
[0.389s] 
[0.389s]   AttributeError: module 'em' has no attribute 'Interpreter'
[0.389s] 
[0.389s] Call Stack (most recent call first):
[0.389s]   /opt/ros/jazzy/share/rosidl_cmake/cmake/rosidl_generate_interfaces.cmake:132 (rosidl_adapt_interfaces)
[0.389s]   CMakeLists.txt:8 (rosidl_generate_interfaces)
[0.389s] 
[0.389s] [0m
[0.389s] -- Configuring incomplete, errors occurred!
[0.392s] Invoked command in '/home/pengyh/workspace/FreeAskAgent/closed_loop/ros2/build/simulator_messages' returned '1': CMAKE_PREFIX_PATH=${CMAKE_PREFIX_PATH}:/home/pengyh/workspace/FreeAskAgent/closed_loop/ros2/install/ros_tcp_endpoint:/opt/ros/jazzy DEBUGINFOD_URLS=https://debuginfod.ubuntu.com /usr/bin/cmake /home/pengyh/workspace/FreeAskAgent/closed_loop/ros2/src/simulator_messages -DCMAKE_INSTALL_PREFIX=/home/pengyh/workspace/FreeAskAgent/closed_loop/ros2/install/simulator_messages
