[0.006s] Invoking command in '/home/pengyh/workspace/FreeAskAgent/closed_loop/ros2/build/simulator_messages': DEBUGINFOD_URLS=https://debuginfod.ubuntu.com /usr/bin/cmake /home/pengyh/workspace/FreeAskAgent/closed_loop/ros2/src/simulator_messages -DCATKIN_INSTALL_INTO_PREFIX_ROOT=0 -DCMAKE_INSTALL_PREFIX=/home/pengyh/workspace/FreeAskAgent/closed_loop/ros2/install/simulator_messages
[0.066s] -- The C compiler identification is GNU 13.3.0
[0.298s] -- The CXX compiler identification is GNU 13.3.0
[0.509s] -- Detecting C compiler ABI info
[0.616s] -- Detecting C compiler ABI info - done
[0.619s] -- Check for working C compiler: /usr/bin/cc - skipped
[0.620s] -- Detecting C compile features
[0.620s] -- Detecting C compile features - done
[0.653s] -- Detecting CXX compiler ABI info
[0.766s] -- Detecting CXX compiler ABI info - done
[0.770s] -- Check for working CXX compiler: /usr/bin/c++ - skipped
[0.770s] -- Detecting CXX compile features
[0.770s] -- Detecting CXX compile features - done
[0.772s] -- Found ament_cmake: 2.5.4 (/opt/ros/jazzy/share/ament_cmake/cmake)
[0.848s] -- Found Python3: /usr/bin/python3 (found version "3.12.3") found components: Interpreter 
[0.900s] -- Found rosidl_default_generators: 1.6.0 (/opt/ros/jazzy/share/rosidl_default_generators/cmake)
[0.902s] -- Using all available rosidl_typesupport_c: rosidl_typesupport_fastrtps_c;rosidl_typesupport_introspection_c
[0.978s] -- Using all available rosidl_typesupport_cpp: rosidl_typesupport_fastrtps_cpp;rosidl_typesupport_introspection_cpp
[0.998s] -- Found rosidl_adapter: 4.6.6 (/opt/ros/jazzy/share/rosidl_adapter/cmake)
[1.001s] -- Found std_msgs: 5.3.6 (/opt/ros/jazzy/share/std_msgs/cmake)
[1.335s] -- Found ament_cmake_ros: 0.12.0 (/opt/ros/jazzy/share/ament_cmake_ros/cmake)
[1.581s] -- Using all available rosidl_typesupport_c: rosidl_typesupport_fastrtps_c;rosidl_typesupport_introspection_c
[1.899s] -- Using all available rosidl_typesupport_cpp: rosidl_typesupport_fastrtps_cpp;rosidl_typesupport_introspection_cpp
[1.900s] -- Found python_cmake_module: 0.11.1 (/opt/ros/jazzy/share/python_cmake_module/cmake)
[1.974s] -- Found PythonExtra: /usr/bin/python3  
[2.207s] -- Found Python3: /usr/bin/python3 (found version "3.12.3") found components: Interpreter Development NumPy Development.Module Development.Embed 
[2.234s] -- Configuring done (2.2s)
[2.259s] -- Generating done (0.0s)
[2.260s] [33mCMake Warning:
[2.260s]   Manually-specified variables were not used by the project:
[2.260s] 
[2.260s]     CATKIN_INSTALL_INTO_PREFIX_ROOT
[2.260s] 
[2.260s] [0m
[2.264s] -- Build files have been written to: /home/pengyh/workspace/FreeAskAgent/closed_loop/ros2/build/simulator_messages
[2.269s] Invoked command in '/home/pengyh/workspace/FreeAskAgent/closed_loop/ros2/build/simulator_messages' returned '0': DEBUGINFOD_URLS=https://debuginfod.ubuntu.com /usr/bin/cmake /home/pengyh/workspace/FreeAskAgent/closed_loop/ros2/src/simulator_messages -DCATKIN_INSTALL_INTO_PREFIX_ROOT=0 -DCMAKE_INSTALL_PREFIX=/home/pengyh/workspace/FreeAskAgent/closed_loop/ros2/install/simulator_messages
[2.270s] Invoking command in '/home/pengyh/workspace/FreeAskAgent/closed_loop/ros2/build/simulator_messages': DEBUGINFOD_URLS=https://debuginfod.ubuntu.com /usr/bin/cmake --build /home/pengyh/workspace/FreeAskAgent/closed_loop/ros2/build/simulator_messages -- -j20 -l20
[2.297s] [  2%] [34m[1mGenerating type hashes for ROS interfaces[0m
[2.300s] [  2%] Built target ament_cmake_python_copy_simulator_messages
[2.396s] running egg_info
[2.396s] creating simulator_messages.egg-info
[2.398s] [  2%] Built target simulator_messages__rosidl_generator_type_description
[2.404s] writing simulator_messages.egg-info/PKG-INFO
[2.404s] [  5%] [34m[1mGenerating C code for ROS interfaces[0m
[2.404s] writing dependency_links to simulator_messages.egg-info/dependency_links.txt
[2.404s] writing top-level names to simulator_messages.egg-info/top_level.txt
[2.404s] writing manifest file 'simulator_messages.egg-info/SOURCES.txt'
[2.410s] [  8%] [34m[1mGenerating C++ code for ROS interfaces[0m
[2.427s] reading manifest file 'simulator_messages.egg-info/SOURCES.txt'
[2.428s] writing manifest file 'simulator_messages.egg-info/SOURCES.txt'
[2.443s] [  8%] Built target ament_cmake_python_build_simulator_messages_egg
[2.534s] [  8%] Built target simulator_messages__cpp
[2.546s] [ 17%] [32mBuilding C object CMakeFiles/simulator_messages__rosidl_generator_c.dir/rosidl_generator_c/simulator_messages/msg/detail/navigation_command__type_support.c.o[0m
[2.546s] [ 17%] [32mBuilding C object CMakeFiles/simulator_messages__rosidl_generator_c.dir/rosidl_generator_c/simulator_messages/msg/detail/navigation_command__functions.c.o[0m
[2.546s] [ 17%] [32mBuilding C object CMakeFiles/simulator_messages__rosidl_generator_c.dir/rosidl_generator_c/simulator_messages/msg/detail/navigation_command__description.c.o[0m
[2.571s] [ 20%] [32m[1mLinking C shared library libsimulator_messages__rosidl_generator_c.so[0m
[2.618s] [ 20%] Built target simulator_messages__rosidl_generator_c
[2.624s] [ 29%] [34m[1mGenerating C++ type support for eProsima Fast-RTPS[0m
[2.624s] [ 29%] [34m[1mGenerating C type support dispatch for ROS interfaces[0m
[2.624s] [ 29%] [34m[1mGenerating C introspection for ROS interfaces[0m
[2.624s] [ 32%] [34m[1mGenerating C++ type support dispatch for ROS interfaces[0m
[2.624s] [ 35%] [34m[1mGenerating C++ introspection for ROS interfaces[0m
[2.625s] [ 38%] [34m[1mGenerating C type support for eProsima Fast-RTPS[0m
[2.757s] [ 41%] [32mBuilding CXX object CMakeFiles/simulator_messages__rosidl_typesupport_cpp.dir/rosidl_typesupport_cpp/simulator_messages/msg/navigation_command__type_support.cpp.o[0m
[2.758s] [ 44%] [32mBuilding CXX object CMakeFiles/simulator_messages__rosidl_typesupport_c.dir/rosidl_typesupport_c/simulator_messages/msg/navigation_command__type_support.cpp.o[0m
[2.769s] [ 47%] [32mBuilding C object CMakeFiles/simulator_messages__rosidl_typesupport_introspection_c.dir/rosidl_typesupport_introspection_c/simulator_messages/msg/detail/navigation_command__type_support.c.o[0m
[2.770s] [ 50%] [32mBuilding CXX object CMakeFiles/simulator_messages__rosidl_typesupport_introspection_cpp.dir/rosidl_typesupport_introspection_cpp/simulator_messages/msg/detail/navigation_command__type_support.cpp.o[0m
[2.775s] [ 52%] [32mBuilding CXX object CMakeFiles/simulator_messages__rosidl_typesupport_fastrtps_cpp.dir/rosidl_typesupport_fastrtps_cpp/simulator_messages/msg/detail/dds_fastrtps/navigation_command__type_support.cpp.o[0m
[2.781s] [ 55%] [32mBuilding CXX object CMakeFiles/simulator_messages__rosidl_typesupport_fastrtps_c.dir/rosidl_typesupport_fastrtps_c/simulator_messages/msg/detail/navigation_command__type_support_c.cpp.o[0m
[2.783s] [ 58%] [32m[1mLinking CXX shared library libsimulator_messages__rosidl_typesupport_c.so[0m
[2.793s] [ 61%] [32m[1mLinking C shared library libsimulator_messages__rosidl_typesupport_introspection_c.so[0m
[2.850s] [ 61%] Built target simulator_messages__rosidl_typesupport_c
[2.852s] [ 61%] Built target simulator_messages__rosidl_typesupport_introspection_c
[2.926s] [ 64%] [32m[1mLinking CXX shared library libsimulator_messages__rosidl_typesupport_cpp.so[0m
[2.939s] [ 67%] [32m[1mLinking CXX shared library libsimulator_messages__rosidl_typesupport_introspection_cpp.so[0m
[2.986s] [ 67%] Built target simulator_messages__rosidl_typesupport_cpp
[3.015s] [ 67%] Built target simulator_messages__rosidl_typesupport_introspection_cpp
[3.019s] [ 70%] [32m[1mLinking CXX shared library libsimulator_messages__rosidl_typesupport_fastrtps_c.so[0m
[3.042s] [ 73%] [32m[1mLinking CXX shared library libsimulator_messages__rosidl_typesupport_fastrtps_cpp.so[0m
[3.077s] [ 73%] Built target simulator_messages__rosidl_typesupport_fastrtps_c
[3.117s] [ 73%] Built target simulator_messages__rosidl_typesupport_fastrtps_cpp
[3.129s] [ 73%] Built target simulator_messages
[3.141s] [ 76%] [34m[1mGenerating Python code for ROS interfaces[0m
[3.303s] [ 76%] Built target simulator_messages__py
[3.315s] [ 79%] [32mBuilding C object CMakeFiles/simulator_messages__rosidl_generator_py.dir/rosidl_generator_py/simulator_messages/msg/_navigation_command_s.c.o[0m
[3.412s] [ 82%] [32m[1mLinking C shared library libsimulator_messages__rosidl_generator_py.so[0m
[3.470s] [ 82%] Built target simulator_messages__rosidl_generator_py
[3.482s] [ 91%] [32mBuilding C object CMakeFiles/simulator_messages_s__rosidl_typesupport_c.dir/rosidl_generator_py/simulator_messages/_simulator_messages_s.ep.rosidl_typesupport_c.c.o[0m
[3.482s] [ 91%] [32mBuilding C object CMakeFiles/simulator_messages_s__rosidl_typesupport_fastrtps_c.dir/rosidl_generator_py/simulator_messages/_simulator_messages_s.ep.rosidl_typesupport_fastrtps_c.c.o[0m
[3.482s] [ 91%] [32mBuilding C object CMakeFiles/simulator_messages_s__rosidl_typesupport_introspection_c.dir/rosidl_generator_py/simulator_messages/_simulator_messages_s.ep.rosidl_typesupport_introspection_c.c.o[0m
[3.532s] [ 97%] [32m[1mLinking C shared module rosidl_generator_py/simulator_messages/simulator_messages_s__rosidl_typesupport_c.so[0m
[3.532s] [ 97%] [32m[1mLinking C shared module rosidl_generator_py/simulator_messages/simulator_messages_s__rosidl_typesupport_fastrtps_c.so[0m
[3.532s] [100%] [32m[1mLinking C shared module rosidl_generator_py/simulator_messages/simulator_messages_s__rosidl_typesupport_introspection_c.so[0m
[3.574s] [100%] Built target simulator_messages_s__rosidl_typesupport_fastrtps_c
[3.574s] [100%] Built target simulator_messages_s__rosidl_typesupport_c
[3.574s] [100%] Built target simulator_messages_s__rosidl_typesupport_introspection_c
[3.582s] Invoked command in '/home/pengyh/workspace/FreeAskAgent/closed_loop/ros2/build/simulator_messages' returned '0': DEBUGINFOD_URLS=https://debuginfod.ubuntu.com /usr/bin/cmake --build /home/pengyh/workspace/FreeAskAgent/closed_loop/ros2/build/simulator_messages -- -j20 -l20
[3.589s] Invoking command in '/home/pengyh/workspace/FreeAskAgent/closed_loop/ros2/build/simulator_messages': DEBUGINFOD_URLS=https://debuginfod.ubuntu.com /usr/bin/cmake --install /home/pengyh/workspace/FreeAskAgent/closed_loop/ros2/build/simulator_messages
[3.594s] -- Install configuration: ""
[3.595s] -- Installing: /home/pengyh/workspace/FreeAskAgent/closed_loop/ros2/install/simulator_messages/share/ament_index/resource_index/rosidl_interfaces/simulator_messages
[3.595s] -- Installing: /home/pengyh/workspace/FreeAskAgent/closed_loop/ros2/install/simulator_messages/share/simulator_messages/msg/NavigationCommand.json
[3.595s] -- Installing: /home/pengyh/workspace/FreeAskAgent/closed_loop/ros2/install/simulator_messages/include/simulator_messages/simulator_messages
[3.595s] -- Installing: /home/pengyh/workspace/FreeAskAgent/closed_loop/ros2/install/simulator_messages/include/simulator_messages/simulator_messages/msg
[3.596s] -- Installing: /home/pengyh/workspace/FreeAskAgent/closed_loop/ros2/install/simulator_messages/include/simulator_messages/simulator_messages/msg/detail
[3.596s] -- Installing: /home/pengyh/workspace/FreeAskAgent/closed_loop/ros2/install/simulator_messages/include/simulator_messages/simulator_messages/msg/detail/navigation_command__type_support.h
[3.596s] -- Installing: /home/pengyh/workspace/FreeAskAgent/closed_loop/ros2/install/simulator_messages/include/simulator_messages/simulator_messages/msg/detail/navigation_command__functions.c
[3.596s] -- Installing: /home/pengyh/workspace/FreeAskAgent/closed_loop/ros2/install/simulator_messages/include/simulator_messages/simulator_messages/msg/detail/navigation_command__struct.h
[3.596s] -- Installing: /home/pengyh/workspace/FreeAskAgent/closed_loop/ros2/install/simulator_messages/include/simulator_messages/simulator_messages/msg/detail/navigation_command__functions.h
[3.596s] -- Installing: /home/pengyh/workspace/FreeAskAgent/closed_loop/ros2/install/simulator_messages/include/simulator_messages/simulator_messages/msg/detail/navigation_command__description.c
[3.596s] -- Installing: /home/pengyh/workspace/FreeAskAgent/closed_loop/ros2/install/simulator_messages/include/simulator_messages/simulator_messages/msg/detail/navigation_command__type_support.c
[3.596s] -- Installing: /home/pengyh/workspace/FreeAskAgent/closed_loop/ros2/install/simulator_messages/include/simulator_messages/simulator_messages/msg/rosidl_generator_c__visibility_control.h
[3.596s] -- Installing: /home/pengyh/workspace/FreeAskAgent/closed_loop/ros2/install/simulator_messages/include/simulator_messages/simulator_messages/msg/navigation_command.h
[3.596s] -- Installing: /home/pengyh/workspace/FreeAskAgent/closed_loop/ros2/install/simulator_messages/share/simulator_messages/environment/library_path.sh
[3.596s] -- Installing: /home/pengyh/workspace/FreeAskAgent/closed_loop/ros2/install/simulator_messages/share/simulator_messages/environment/library_path.dsv
[3.596s] -- Installing: /home/pengyh/workspace/FreeAskAgent/closed_loop/ros2/install/simulator_messages/lib/libsimulator_messages__rosidl_generator_c.so
[3.597s] -- Set non-toolchain portion of runtime path of "/home/pengyh/workspace/FreeAskAgent/closed_loop/ros2/install/simulator_messages/lib/libsimulator_messages__rosidl_generator_c.so" to ""
[3.597s] -- Up-to-date: /home/pengyh/workspace/FreeAskAgent/closed_loop/ros2/install/simulator_messages/include/simulator_messages/simulator_messages
[3.597s] -- Up-to-date: /home/pengyh/workspace/FreeAskAgent/closed_loop/ros2/install/simulator_messages/include/simulator_messages/simulator_messages/msg
[3.597s] -- Installing: /home/pengyh/workspace/FreeAskAgent/closed_loop/ros2/install/simulator_messages/include/simulator_messages/simulator_messages/msg/rosidl_typesupport_fastrtps_c__visibility_control.h
[3.597s] -- Up-to-date: /home/pengyh/workspace/FreeAskAgent/closed_loop/ros2/install/simulator_messages/include/simulator_messages/simulator_messages/msg/detail
[3.597s] -- Installing: /home/pengyh/workspace/FreeAskAgent/closed_loop/ros2/install/simulator_messages/include/simulator_messages/simulator_messages/msg/detail/navigation_command__rosidl_typesupport_fastrtps_c.h
[3.597s] -- Installing: /home/pengyh/workspace/FreeAskAgent/closed_loop/ros2/install/simulator_messages/lib/libsimulator_messages__rosidl_typesupport_fastrtps_c.so
[3.597s] -- Set non-toolchain portion of runtime path of "/home/pengyh/workspace/FreeAskAgent/closed_loop/ros2/install/simulator_messages/lib/libsimulator_messages__rosidl_typesupport_fastrtps_c.so" to ""
[3.597s] -- Up-to-date: /home/pengyh/workspace/FreeAskAgent/closed_loop/ros2/install/simulator_messages/include/simulator_messages/simulator_messages
[3.597s] -- Up-to-date: /home/pengyh/workspace/FreeAskAgent/closed_loop/ros2/install/simulator_messages/include/simulator_messages/simulator_messages/msg
[3.598s] -- Installing: /home/pengyh/workspace/FreeAskAgent/closed_loop/ros2/install/simulator_messages/include/simulator_messages/simulator_messages/msg/rosidl_typesupport_introspection_c__visibility_control.h
[3.598s] -- Up-to-date: /home/pengyh/workspace/FreeAskAgent/closed_loop/ros2/install/simulator_messages/include/simulator_messages/simulator_messages/msg/detail
[3.598s] -- Installing: /home/pengyh/workspace/FreeAskAgent/closed_loop/ros2/install/simulator_messages/include/simulator_messages/simulator_messages/msg/detail/navigation_command__rosidl_typesupport_introspection_c.h
[3.598s] -- Up-to-date: /home/pengyh/workspace/FreeAskAgent/closed_loop/ros2/install/simulator_messages/include/simulator_messages/simulator_messages/msg/detail/navigation_command__type_support.c
[3.598s] -- Installing: /home/pengyh/workspace/FreeAskAgent/closed_loop/ros2/install/simulator_messages/lib/libsimulator_messages__rosidl_typesupport_introspection_c.so
[3.598s] -- Set non-toolchain portion of runtime path of "/home/pengyh/workspace/FreeAskAgent/closed_loop/ros2/install/simulator_messages/lib/libsimulator_messages__rosidl_typesupport_introspection_c.so" to ""
[3.598s] -- Installing: /home/pengyh/workspace/FreeAskAgent/closed_loop/ros2/install/simulator_messages/lib/libsimulator_messages__rosidl_typesupport_c.so
[3.598s] -- Set non-toolchain portion of runtime path of "/home/pengyh/workspace/FreeAskAgent/closed_loop/ros2/install/simulator_messages/lib/libsimulator_messages__rosidl_typesupport_c.so" to ""
[3.598s] -- Up-to-date: /home/pengyh/workspace/FreeAskAgent/closed_loop/ros2/install/simulator_messages/include/simulator_messages/simulator_messages
[3.598s] -- Up-to-date: /home/pengyh/workspace/FreeAskAgent/closed_loop/ros2/install/simulator_messages/include/simulator_messages/simulator_messages/msg
[3.598s] -- Installing: /home/pengyh/workspace/FreeAskAgent/closed_loop/ros2/install/simulator_messages/include/simulator_messages/simulator_messages/msg/rosidl_generator_cpp__visibility_control.hpp
[3.598s] -- Up-to-date: /home/pengyh/workspace/FreeAskAgent/closed_loop/ros2/install/simulator_messages/include/simulator_messages/simulator_messages/msg/detail
[3.598s] -- Installing: /home/pengyh/workspace/FreeAskAgent/closed_loop/ros2/install/simulator_messages/include/simulator_messages/simulator_messages/msg/detail/navigation_command__struct.hpp
[3.598s] -- Installing: /home/pengyh/workspace/FreeAskAgent/closed_loop/ros2/install/simulator_messages/include/simulator_messages/simulator_messages/msg/detail/navigation_command__builder.hpp
[3.598s] -- Installing: /home/pengyh/workspace/FreeAskAgent/closed_loop/ros2/install/simulator_messages/include/simulator_messages/simulator_messages/msg/detail/navigation_command__traits.hpp
[3.598s] -- Installing: /home/pengyh/workspace/FreeAskAgent/closed_loop/ros2/install/simulator_messages/include/simulator_messages/simulator_messages/msg/detail/navigation_command__type_support.hpp
[3.598s] -- Installing: /home/pengyh/workspace/FreeAskAgent/closed_loop/ros2/install/simulator_messages/include/simulator_messages/simulator_messages/msg/navigation_command.hpp
[3.598s] -- Up-to-date: /home/pengyh/workspace/FreeAskAgent/closed_loop/ros2/install/simulator_messages/include/simulator_messages/simulator_messages
[3.598s] -- Up-to-date: /home/pengyh/workspace/FreeAskAgent/closed_loop/ros2/install/simulator_messages/include/simulator_messages/simulator_messages/msg
[3.598s] -- Installing: /home/pengyh/workspace/FreeAskAgent/closed_loop/ros2/install/simulator_messages/include/simulator_messages/simulator_messages/msg/rosidl_typesupport_fastrtps_cpp__visibility_control.h
[3.598s] -- Up-to-date: /home/pengyh/workspace/FreeAskAgent/closed_loop/ros2/install/simulator_messages/include/simulator_messages/simulator_messages/msg/detail
[3.598s] -- Installing: /home/pengyh/workspace/FreeAskAgent/closed_loop/ros2/install/simulator_messages/include/simulator_messages/simulator_messages/msg/detail/dds_fastrtps
[3.599s] -- Installing: /home/pengyh/workspace/FreeAskAgent/closed_loop/ros2/install/simulator_messages/include/simulator_messages/simulator_messages/msg/detail/navigation_command__rosidl_typesupport_fastrtps_cpp.hpp
[3.599s] -- Installing: /home/pengyh/workspace/FreeAskAgent/closed_loop/ros2/install/simulator_messages/lib/libsimulator_messages__rosidl_typesupport_fastrtps_cpp.so
[3.599s] -- Set non-toolchain portion of runtime path of "/home/pengyh/workspace/FreeAskAgent/closed_loop/ros2/install/simulator_messages/lib/libsimulator_messages__rosidl_typesupport_fastrtps_cpp.so" to ""
[3.599s] -- Up-to-date: /home/pengyh/workspace/FreeAskAgent/closed_loop/ros2/install/simulator_messages/include/simulator_messages/simulator_messages
[3.599s] -- Up-to-date: /home/pengyh/workspace/FreeAskAgent/closed_loop/ros2/install/simulator_messages/include/simulator_messages/simulator_messages/msg
[3.599s] -- Up-to-date: /home/pengyh/workspace/FreeAskAgent/closed_loop/ros2/install/simulator_messages/include/simulator_messages/simulator_messages/msg/detail
[3.599s] -- Installing: /home/pengyh/workspace/FreeAskAgent/closed_loop/ros2/install/simulator_messages/include/simulator_messages/simulator_messages/msg/detail/navigation_command__type_support.cpp
[3.599s] -- Installing: /home/pengyh/workspace/FreeAskAgent/closed_loop/ros2/install/simulator_messages/include/simulator_messages/simulator_messages/msg/detail/navigation_command__rosidl_typesupport_introspection_cpp.hpp
[3.599s] -- Installing: /home/pengyh/workspace/FreeAskAgent/closed_loop/ros2/install/simulator_messages/lib/libsimulator_messages__rosidl_typesupport_introspection_cpp.so
[3.600s] -- Set non-toolchain portion of runtime path of "/home/pengyh/workspace/FreeAskAgent/closed_loop/ros2/install/simulator_messages/lib/libsimulator_messages__rosidl_typesupport_introspection_cpp.so" to ""
[3.600s] -- Installing: /home/pengyh/workspace/FreeAskAgent/closed_loop/ros2/install/simulator_messages/lib/libsimulator_messages__rosidl_typesupport_cpp.so
[3.600s] -- Set non-toolchain portion of runtime path of "/home/pengyh/workspace/FreeAskAgent/closed_loop/ros2/install/simulator_messages/lib/libsimulator_messages__rosidl_typesupport_cpp.so" to ""
[3.600s] -- Installing: /home/pengyh/workspace/FreeAskAgent/closed_loop/ros2/install/simulator_messages/share/simulator_messages/environment/pythonpath.sh
[3.600s] -- Installing: /home/pengyh/workspace/FreeAskAgent/closed_loop/ros2/install/simulator_messages/share/simulator_messages/environment/pythonpath.dsv
[3.600s] -- Installing: /home/pengyh/workspace/FreeAskAgent/closed_loop/ros2/install/simulator_messages/lib/python3.12/site-packages/simulator_messages-0.0.0-py3.12.egg-info
[3.600s] -- Installing: /home/pengyh/workspace/FreeAskAgent/closed_loop/ros2/install/simulator_messages/lib/python3.12/site-packages/simulator_messages-0.0.0-py3.12.egg-info/top_level.txt
[3.600s] -- Installing: /home/pengyh/workspace/FreeAskAgent/closed_loop/ros2/install/simulator_messages/lib/python3.12/site-packages/simulator_messages-0.0.0-py3.12.egg-info/PKG-INFO
[3.600s] -- Installing: /home/pengyh/workspace/FreeAskAgent/closed_loop/ros2/install/simulator_messages/lib/python3.12/site-packages/simulator_messages-0.0.0-py3.12.egg-info/SOURCES.txt
[3.600s] -- Installing: /home/pengyh/workspace/FreeAskAgent/closed_loop/ros2/install/simulator_messages/lib/python3.12/site-packages/simulator_messages-0.0.0-py3.12.egg-info/dependency_links.txt
[3.600s] -- Installing: /home/pengyh/workspace/FreeAskAgent/closed_loop/ros2/install/simulator_messages/lib/python3.12/site-packages/simulator_messages
[3.600s] -- Installing: /home/pengyh/workspace/FreeAskAgent/closed_loop/ros2/install/simulator_messages/lib/python3.12/site-packages/simulator_messages/_simulator_messages_s.ep.rosidl_typesupport_introspection_c.c
[3.601s] -- Installing: /home/pengyh/workspace/FreeAskAgent/closed_loop/ros2/install/simulator_messages/lib/python3.12/site-packages/simulator_messages/msg
[3.601s] -- Installing: /home/pengyh/workspace/FreeAskAgent/closed_loop/ros2/install/simulator_messages/lib/python3.12/site-packages/simulator_messages/msg/_navigation_command_s.c
[3.601s] -- Installing: /home/pengyh/workspace/FreeAskAgent/closed_loop/ros2/install/simulator_messages/lib/python3.12/site-packages/simulator_messages/msg/_navigation_command.py
[3.601s] -- Installing: /home/pengyh/workspace/FreeAskAgent/closed_loop/ros2/install/simulator_messages/lib/python3.12/site-packages/simulator_messages/msg/__init__.py
[3.601s] -- Installing: /home/pengyh/workspace/FreeAskAgent/closed_loop/ros2/install/simulator_messages/lib/python3.12/site-packages/simulator_messages/simulator_messages_s__rosidl_typesupport_c.so
[3.601s] -- Installing: /home/pengyh/workspace/FreeAskAgent/closed_loop/ros2/install/simulator_messages/lib/python3.12/site-packages/simulator_messages/simulator_messages_s__rosidl_typesupport_introspection_c.so
[3.601s] -- Installing: /home/pengyh/workspace/FreeAskAgent/closed_loop/ros2/install/simulator_messages/lib/python3.12/site-packages/simulator_messages/__init__.py
[3.601s] -- Installing: /home/pengyh/workspace/FreeAskAgent/closed_loop/ros2/install/simulator_messages/lib/python3.12/site-packages/simulator_messages/_simulator_messages_s.ep.rosidl_typesupport_fastrtps_c.c
[3.601s] -- Installing: /home/pengyh/workspace/FreeAskAgent/closed_loop/ros2/install/simulator_messages/lib/python3.12/site-packages/simulator_messages/_simulator_messages_s.ep.rosidl_typesupport_c.c
[3.601s] -- Installing: /home/pengyh/workspace/FreeAskAgent/closed_loop/ros2/install/simulator_messages/lib/python3.12/site-packages/simulator_messages/simulator_messages_s__rosidl_typesupport_fastrtps_c.so
[3.625s] Listing '/home/pengyh/workspace/FreeAskAgent/closed_loop/ros2/install/simulator_messages/lib/python3.12/site-packages/simulator_messages'...
[3.626s] Compiling '/home/pengyh/workspace/FreeAskAgent/closed_loop/ros2/install/simulator_messages/lib/python3.12/site-packages/simulator_messages/__init__.py'...
[3.626s] Listing '/home/pengyh/workspace/FreeAskAgent/closed_loop/ros2/install/simulator_messages/lib/python3.12/site-packages/simulator_messages/msg'...
[3.626s] Compiling '/home/pengyh/workspace/FreeAskAgent/closed_loop/ros2/install/simulator_messages/lib/python3.12/site-packages/simulator_messages/msg/__init__.py'...
[3.626s] Compiling '/home/pengyh/workspace/FreeAskAgent/closed_loop/ros2/install/simulator_messages/lib/python3.12/site-packages/simulator_messages/msg/_navigation_command.py'...
[3.630s] -- Installing: /home/pengyh/workspace/FreeAskAgent/closed_loop/ros2/install/simulator_messages/lib/python3.12/site-packages/simulator_messages/simulator_messages_s__rosidl_typesupport_fastrtps_c.so
[3.630s] -- Set non-toolchain portion of runtime path of "/home/pengyh/workspace/FreeAskAgent/closed_loop/ros2/install/simulator_messages/lib/python3.12/site-packages/simulator_messages/simulator_messages_s__rosidl_typesupport_fastrtps_c.so" to ""
[3.630s] -- Installing: /home/pengyh/workspace/FreeAskAgent/closed_loop/ros2/install/simulator_messages/lib/python3.12/site-packages/simulator_messages/simulator_messages_s__rosidl_typesupport_introspection_c.so
[3.630s] -- Set non-toolchain portion of runtime path of "/home/pengyh/workspace/FreeAskAgent/closed_loop/ros2/install/simulator_messages/lib/python3.12/site-packages/simulator_messages/simulator_messages_s__rosidl_typesupport_introspection_c.so" to ""
[3.630s] -- Installing: /home/pengyh/workspace/FreeAskAgent/closed_loop/ros2/install/simulator_messages/lib/python3.12/site-packages/simulator_messages/simulator_messages_s__rosidl_typesupport_c.so
[3.630s] -- Set non-toolchain portion of runtime path of "/home/pengyh/workspace/FreeAskAgent/closed_loop/ros2/install/simulator_messages/lib/python3.12/site-packages/simulator_messages/simulator_messages_s__rosidl_typesupport_c.so" to ""
[3.630s] -- Installing: /home/pengyh/workspace/FreeAskAgent/closed_loop/ros2/install/simulator_messages/lib/libsimulator_messages__rosidl_generator_py.so
[3.631s] -- Set non-toolchain portion of runtime path of "/home/pengyh/workspace/FreeAskAgent/closed_loop/ros2/install/simulator_messages/lib/libsimulator_messages__rosidl_generator_py.so" to ""
[3.631s] -- Installing: /home/pengyh/workspace/FreeAskAgent/closed_loop/ros2/install/simulator_messages/share/simulator_messages/msg/NavigationCommand.idl
[3.631s] -- Installing: /home/pengyh/workspace/FreeAskAgent/closed_loop/ros2/install/simulator_messages/share/simulator_messages/msg/NavigationCommand.msg
[3.631s] -- Installing: /home/pengyh/workspace/FreeAskAgent/closed_loop/ros2/install/simulator_messages/share/ament_index/resource_index/package_run_dependencies/simulator_messages
[3.631s] -- Installing: /home/pengyh/workspace/FreeAskAgent/closed_loop/ros2/install/simulator_messages/share/ament_index/resource_index/parent_prefix_path/simulator_messages
[3.631s] -- Installing: /home/pengyh/workspace/FreeAskAgent/closed_loop/ros2/install/simulator_messages/share/simulator_messages/environment/ament_prefix_path.sh
[3.631s] -- Installing: /home/pengyh/workspace/FreeAskAgent/closed_loop/ros2/install/simulator_messages/share/simulator_messages/environment/ament_prefix_path.dsv
[3.631s] -- Installing: /home/pengyh/workspace/FreeAskAgent/closed_loop/ros2/install/simulator_messages/share/simulator_messages/environment/path.sh
[3.631s] -- Installing: /home/pengyh/workspace/FreeAskAgent/closed_loop/ros2/install/simulator_messages/share/simulator_messages/environment/path.dsv
[3.631s] -- Installing: /home/pengyh/workspace/FreeAskAgent/closed_loop/ros2/install/simulator_messages/share/simulator_messages/local_setup.bash
[3.632s] -- Installing: /home/pengyh/workspace/FreeAskAgent/closed_loop/ros2/install/simulator_messages/share/simulator_messages/local_setup.sh
[3.632s] -- Installing: /home/pengyh/workspace/FreeAskAgent/closed_loop/ros2/install/simulator_messages/share/simulator_messages/local_setup.zsh
[3.632s] -- Installing: /home/pengyh/workspace/FreeAskAgent/closed_loop/ros2/install/simulator_messages/share/simulator_messages/local_setup.dsv
[3.632s] -- Installing: /home/pengyh/workspace/FreeAskAgent/closed_loop/ros2/install/simulator_messages/share/simulator_messages/package.dsv
[3.632s] -- Installing: /home/pengyh/workspace/FreeAskAgent/closed_loop/ros2/install/simulator_messages/share/ament_index/resource_index/packages/simulator_messages
[3.632s] -- Installing: /home/pengyh/workspace/FreeAskAgent/closed_loop/ros2/install/simulator_messages/share/simulator_messages/cmake/export_simulator_messages__rosidl_generator_cExport.cmake
[3.632s] -- Installing: /home/pengyh/workspace/FreeAskAgent/closed_loop/ros2/install/simulator_messages/share/simulator_messages/cmake/export_simulator_messages__rosidl_generator_cExport-noconfig.cmake
[3.632s] -- Installing: /home/pengyh/workspace/FreeAskAgent/closed_loop/ros2/install/simulator_messages/share/simulator_messages/cmake/export_simulator_messages__rosidl_typesupport_fastrtps_cExport.cmake
[3.632s] -- Installing: /home/pengyh/workspace/FreeAskAgent/closed_loop/ros2/install/simulator_messages/share/simulator_messages/cmake/export_simulator_messages__rosidl_typesupport_fastrtps_cExport-noconfig.cmake
[3.632s] -- Installing: /home/pengyh/workspace/FreeAskAgent/closed_loop/ros2/install/simulator_messages/share/simulator_messages/cmake/simulator_messages__rosidl_typesupport_introspection_cExport.cmake
[3.632s] -- Installing: /home/pengyh/workspace/FreeAskAgent/closed_loop/ros2/install/simulator_messages/share/simulator_messages/cmake/simulator_messages__rosidl_typesupport_introspection_cExport-noconfig.cmake
[3.632s] -- Installing: /home/pengyh/workspace/FreeAskAgent/closed_loop/ros2/install/simulator_messages/share/simulator_messages/cmake/simulator_messages__rosidl_typesupport_cExport.cmake
[3.632s] -- Installing: /home/pengyh/workspace/FreeAskAgent/closed_loop/ros2/install/simulator_messages/share/simulator_messages/cmake/simulator_messages__rosidl_typesupport_cExport-noconfig.cmake
[3.633s] -- Installing: /home/pengyh/workspace/FreeAskAgent/closed_loop/ros2/install/simulator_messages/share/simulator_messages/cmake/export_simulator_messages__rosidl_generator_cppExport.cmake
[3.633s] -- Installing: /home/pengyh/workspace/FreeAskAgent/closed_loop/ros2/install/simulator_messages/share/simulator_messages/cmake/export_simulator_messages__rosidl_typesupport_fastrtps_cppExport.cmake
[3.633s] -- Installing: /home/pengyh/workspace/FreeAskAgent/closed_loop/ros2/install/simulator_messages/share/simulator_messages/cmake/export_simulator_messages__rosidl_typesupport_fastrtps_cppExport-noconfig.cmake
[3.633s] -- Installing: /home/pengyh/workspace/FreeAskAgent/closed_loop/ros2/install/simulator_messages/share/simulator_messages/cmake/simulator_messages__rosidl_typesupport_introspection_cppExport.cmake
[3.633s] -- Installing: /home/pengyh/workspace/FreeAskAgent/closed_loop/ros2/install/simulator_messages/share/simulator_messages/cmake/simulator_messages__rosidl_typesupport_introspection_cppExport-noconfig.cmake
[3.633s] -- Installing: /home/pengyh/workspace/FreeAskAgent/closed_loop/ros2/install/simulator_messages/share/simulator_messages/cmake/simulator_messages__rosidl_typesupport_cppExport.cmake
[3.633s] -- Installing: /home/pengyh/workspace/FreeAskAgent/closed_loop/ros2/install/simulator_messages/share/simulator_messages/cmake/simulator_messages__rosidl_typesupport_cppExport-noconfig.cmake
[3.633s] -- Installing: /home/pengyh/workspace/FreeAskAgent/closed_loop/ros2/install/simulator_messages/share/simulator_messages/cmake/export_simulator_messages__rosidl_generator_pyExport.cmake
[3.633s] -- Installing: /home/pengyh/workspace/FreeAskAgent/closed_loop/ros2/install/simulator_messages/share/simulator_messages/cmake/export_simulator_messages__rosidl_generator_pyExport-noconfig.cmake
[3.633s] -- Installing: /home/pengyh/workspace/FreeAskAgent/closed_loop/ros2/install/simulator_messages/share/simulator_messages/cmake/rosidl_cmake-extras.cmake
[3.633s] -- Installing: /home/pengyh/workspace/FreeAskAgent/closed_loop/ros2/install/simulator_messages/share/simulator_messages/cmake/ament_cmake_export_dependencies-extras.cmake
[3.633s] -- Installing: /home/pengyh/workspace/FreeAskAgent/closed_loop/ros2/install/simulator_messages/share/simulator_messages/cmake/ament_cmake_export_include_directories-extras.cmake
[3.633s] -- Installing: /home/pengyh/workspace/FreeAskAgent/closed_loop/ros2/install/simulator_messages/share/simulator_messages/cmake/ament_cmake_export_libraries-extras.cmake
[3.633s] -- Installing: /home/pengyh/workspace/FreeAskAgent/closed_loop/ros2/install/simulator_messages/share/simulator_messages/cmake/ament_cmake_export_targets-extras.cmake
[3.633s] -- Installing: /home/pengyh/workspace/FreeAskAgent/closed_loop/ros2/install/simulator_messages/share/simulator_messages/cmake/rosidl_cmake_export_typesupport_targets-extras.cmake
[3.633s] -- Installing: /home/pengyh/workspace/FreeAskAgent/closed_loop/ros2/install/simulator_messages/share/simulator_messages/cmake/rosidl_cmake_export_typesupport_libraries-extras.cmake
[3.634s] -- Installing: /home/pengyh/workspace/FreeAskAgent/closed_loop/ros2/install/simulator_messages/share/simulator_messages/cmake/simulator_messagesConfig.cmake
[3.634s] -- Installing: /home/pengyh/workspace/FreeAskAgent/closed_loop/ros2/install/simulator_messages/share/simulator_messages/cmake/simulator_messagesConfig-version.cmake
[3.634s] -- Installing: /home/pengyh/workspace/FreeAskAgent/closed_loop/ros2/install/simulator_messages/share/simulator_messages/package.xml
[3.635s] Invoked command in '/home/pengyh/workspace/FreeAskAgent/closed_loop/ros2/build/simulator_messages' returned '0': DEBUGINFOD_URLS=https://debuginfod.ubuntu.com /usr/bin/cmake --install /home/pengyh/workspace/FreeAskAgent/closed_loop/ros2/build/simulator_messages
