-- Found ament_cmake: 2.5.4 (/opt/ros/jazzy/share/ament_cmake/cmake)
-- Found rosidl_default_generators: 1.6.0 (/opt/ros/jazzy/share/rosidl_default_generators/cmake)
-- Using all available rosidl_typesupport_c: rosidl_typesupport_fastrtps_c;rosidl_typesupport_introspection_c
-- Using all available rosidl_typesupport_cpp: rosidl_typesupport_fastrtps_cpp;rosidl_typesupport_introspection_cpp
-- Found rosidl_adapter: 4.6.6 (/opt/ros/jazzy/share/rosidl_adapter/cmake)
-- Found std_msgs: 5.3.6 (/opt/ros/jazzy/share/std_msgs/cmake)
-- Found ament_cmake_ros: 0.12.0 (/opt/ros/jazzy/share/ament_cmake_ros/cmake)
-- Using all available rosidl_typesupport_c: rosidl_typesupport_fastrtps_c;rosidl_typesupport_introspection_c
-- Using all available rosidl_typesupport_cpp: rosidl_typesupport_fastrtps_cpp;rosidl_typesupport_introspection_cpp
-- Found python_cmake_module: 0.11.1 (/opt/ros/jazzy/share/python_cmake_module/cmake)
-- Found Python3: /home/pengyh/softwares/anaconda3/envs/ros2_jazzy/bin/python3 (found version "3.10.19") found components: Interpreter Development NumPy Development.Module Development.Embed
-- Configuring done (1.2s)
-- Generating done (0.0s)
-- Build files have been written to: /home/pengyh/workspace/FreeAskAgent/closed_loop/ros2/build/simulator_messages
[  2%] [34m[1mGenerating type hashes for ROS interfaces[0m
[  2%] Built target ament_cmake_python_copy_simulator_messages
running egg_info
creating simulator_messages.egg-info
writing simulator_messages.egg-info/PKG-INFO
writing dependency_links to simulator_messages.egg-info/dependency_links.txt
writing top-level names to simulator_messages.egg-info/top_level.txt
writing manifest file 'simulator_messages.egg-info/SOURCES.txt'
reading manifest file 'simulator_messages.egg-info/SOURCES.txt'
writing manifest file 'simulator_messages.egg-info/SOURCES.txt'
[  2%] Built target ament_cmake_python_build_simulator_messages_egg
